<?xml version="1.0" encoding="UTF-8"?>
<testng-results ignored="0" total="1" passed="1" failed="0" skipped="0">
  <reporter-output>
  </reporter-output>
  <suite started-at="2020-03-07T21:29:24 EET" name="Default Suite" finished-at="2020-03-07T21:29:42 EET" duration-ms="17497">
    <groups>
      <group name="main">
        <method signature="ImdbTesting.tc0001()[pri:0, instance:ImdbTesting@2b662a77]" name="tc0001" class="ImdbTesting"/>
      </group> <!-- main -->
    </groups>
    <test started-at="2020-03-07T21:29:24 EET" name="imdb-testing" finished-at="2020-03-07T21:29:42 EET" duration-ms="17497">
      <class name="ImdbTesting">
        <test-method signature="tc0001()[pri:0, instance:ImdbTesting@2b662a77]" started-at="2020-03-07T21:29:24 EET" name="tc0001" description="Test imdb search" finished-at="2020-03-07T21:29:42 EET" duration-ms="17462" status="PASS">
          <reporter-output>
          </reporter-output>
        </test-method> <!-- tc0001 -->
      </class> <!-- ImdbTesting -->
    </test> <!-- imdb-testing -->
  </suite> <!-- Default Suite -->
</testng-results>
